2021-12-09 10:37:10 [scrapy] DEBUG: Crawled (200) <GET https://unsplash.com/robots.txt> (referer: None)
2021-12-09 10:37:13 [scrapy] DEBUG: Crawled (200) <GET https://unsplash.com/s/photos/apple> (referer: None)
2021-12-09 10:37:13 [scrapy] INFO: Closing spider (finished)
2021-12-09 10:37:14 [scrapy] INFO: Dumping Scrapy stats:
{'downloader/request_bytes': 674,
 'downloader/request_count': 2,
 'downloader/request_method_count/GET': 2,
 'downloader/response_bytes': 99608,
 'downloader/response_count': 2,
 'downloader/response_status_count/200': 2,
 'elapsed_time_seconds': 4.578776,
 'finish_reason': 'finished',
 'finish_time': datetime.datetime(2021, 12, 9, 1, 37, 14, 162),
 'httpcompression/response_bytes': 859887,
 'httpcompression/response_count': 2,
 'log_count/DEBUG': 2,
 'log_count/INFO': 7,
 'response_received_count': 2,
 'robotstxt/request_count': 1,
 'robotstxt/response_count': 1,
 'robotstxt/response_status_count/200': 1,
 'scheduler/dequeued': 1,
 'scheduler/dequeued/memory': 1,
 'scheduler/enqueued': 1,
 'scheduler/enqueued/memory': 1,
 'start_time': datetime.datetime(2021, 12, 9, 1, 37, 9, 421386)}
2021-12-09 10:37:14 [scrapy] INFO: Spider closed (finished)
