2021-12-01 15:04:56 [scrapy] DEBUG: Crawled (200) <GET https://unsplash.com/robots.txt> (referer: None)
2021-12-01 15:05:02 [scrapy] DEBUG: Crawled (200) <GET https://unsplash.com/s/photos/winter> (referer: None)
2021-12-01 15:05:02 [scrapy] INFO: Closing spider (finished)
2021-12-01 15:05:02 [scrapy] INFO: Dumping Scrapy stats:
{'downloader/request_bytes': 675,
 'downloader/request_count': 2,
 'downloader/request_method_count/GET': 2,
 'downloader/response_bytes': 109393,
 'downloader/response_count': 2,
 'downloader/response_status_count/200': 2,
 'elapsed_time_seconds': 6.699442,
 'finish_reason': 'finished',
 'finish_time': datetime.datetime(2021, 12, 1, 6, 5, 2, 807634),
 'httpcompression/response_bytes': 934246,
 'httpcompression/response_count': 2,
 'log_count/DEBUG': 2,
 'log_count/INFO': 7,
 'response_received_count': 2,
 'robotstxt/request_count': 1,
 'robotstxt/response_count': 1,
 'robotstxt/response_status_count/200': 1,
 'scheduler/dequeued': 1,
 'scheduler/dequeued/memory': 1,
 'scheduler/enqueued': 1,
 'scheduler/enqueued/memory': 1,
 'start_time': datetime.datetime(2021, 12, 1, 6, 4, 56, 108192)}
2021-12-01 15:05:02 [scrapy] INFO: Spider closed (finished)
