2021-12-01 11:38:22 [scrapy] DEBUG: Crawled (200) <GET https://unsplash.com/robots.txt> (referer: None)
2021-12-01 11:38:29 [scrapy] DEBUG: Crawled (200) <GET https://unsplash.com/s/photos/winter> (referer: None)
2021-12-01 11:38:30 [scrapy] ERROR: Spider must return request, item, or None, got 'str' in <GET https://unsplash.com/s/photos/winter>
2021-12-01 11:38:30 [scrapy] INFO: Closing spider (finished)
2021-12-01 11:38:30 [scrapy] INFO: Dumping Scrapy stats:
{'downloader/request_bytes': 675,
 'downloader/request_count': 2,
 'downloader/request_method_count/GET': 2,
 'downloader/response_bytes': 108892,
 'downloader/response_count': 2,
 'downloader/response_status_count/200': 2,
 'elapsed_time_seconds': 8.029719,
 'finish_reason': 'finished',
 'finish_time': datetime.datetime(2021, 12, 1, 2, 38, 30, 91237),
 'httpcompression/response_bytes': 930788,
 'httpcompression/response_count': 2,
 'log_count/DEBUG': 2,
 'log_count/ERROR': 1,
 'log_count/INFO': 7,
 'response_received_count': 2,
 'robotstxt/request_count': 1,
 'robotstxt/response_count': 1,
 'robotstxt/response_status_count/200': 1,
 'scheduler/dequeued': 1,
 'scheduler/dequeued/memory': 1,
 'scheduler/enqueued': 1,
 'scheduler/enqueued/memory': 1,
 'start_time': datetime.datetime(2021, 12, 1, 2, 38, 22, 61518)}
2021-12-01 11:38:30 [scrapy] INFO: Spider closed (finished)
