2021-12-01 15:32:22 [scrapy] DEBUG: Crawled (200) <GET https://unsplash.com/robots.txt> (referer: None)
2021-12-01 15:32:28 [scrapy] DEBUG: Crawled (200) <GET https://unsplash.com/s/photos/winter> (referer: None)
2021-12-01 15:32:28 [scrapy] ERROR: Spider error processing <GET https://unsplash.com/s/photos/winter> (referer: None)
Traceback (most recent call last):
  File "D:\g2e\document\private\web\new_env\lib\site-packages\twisted\internet\defer.py", line 858, in _runCallbacks
    current.result = callback(  # type: ignore[misc]
  File "D:\g2e\document\private\web\new_env\lib\site-packages\scrapy\spiders\__init__.py", line 90, in _parse
    return self.parse(response, **kwargs)
  File "D:\g2e\document\private\web\new_env\pick_picture\pic_scrapy\pic_scrapy\spiders\myspider.py", line 11, in parse
    soup = BeautifulSoup(response,'html.parser')
  File "D:\g2e\document\private\web\new_env\lib\site-packages\bs4\__init__.py", line 312, in __init__
    elif len(markup) <= 256 and (
TypeError: object of type 'HtmlResponse' has no len()
2021-12-01 15:32:28 [scrapy] INFO: Closing spider (finished)
2021-12-01 15:32:28 [scrapy] INFO: Dumping Scrapy stats:
{'downloader/request_bytes': 675,
 'downloader/request_count': 2,
 'downloader/request_method_count/GET': 2,
 'downloader/response_bytes': 109214,
 'downloader/response_count': 2,
 'downloader/response_status_count/200': 2,
 'elapsed_time_seconds': 7.157559,
 'finish_reason': 'finished',
 'finish_time': datetime.datetime(2021, 12, 1, 6, 32, 28, 555833),
 'httpcompression/response_bytes': 930442,
 'httpcompression/response_count': 2,
 'log_count/DEBUG': 2,
 'log_count/ERROR': 1,
 'log_count/INFO': 7,
 'response_received_count': 2,
 'robotstxt/request_count': 1,
 'robotstxt/response_count': 1,
 'robotstxt/response_status_count/200': 1,
 'scheduler/dequeued': 1,
 'scheduler/dequeued/memory': 1,
 'scheduler/enqueued': 1,
 'scheduler/enqueued/memory': 1,
 'spider_exceptions/TypeError': 1,
 'start_time': datetime.datetime(2021, 12, 1, 6, 32, 21, 398274)}
2021-12-01 15:32:28 [scrapy] INFO: Spider closed (finished)
