2021-12-01 14:09:10 [scrapy] DEBUG: Crawled (404) <GET http://quotes.toscrape.com/robots.txt> (referer: None)
2021-12-01 14:09:17 [scrapy] DEBUG: Crawled (200) <GET http://quotes.toscrape.com/page/1/> (referer: None)
2021-12-01 14:09:17 [scrapy] INFO: Closing spider (finished)
2021-12-01 14:09:17 [scrapy] INFO: Dumping Scrapy stats:
{'downloader/request_bytes': 627,
 'downloader/request_count': 2,
 'downloader/request_method_count/GET': 2,
 'downloader/response_bytes': 2578,
 'downloader/response_count': 2,
 'downloader/response_status_count/200': 1,
 'downloader/response_status_count/404': 1,
 'elapsed_time_seconds': 7.381937,
 'finish_reason': 'finished',
 'finish_time': datetime.datetime(2021, 12, 1, 5, 9, 17, 683223),
 'httpcompression/response_bytes': 11053,
 'httpcompression/response_count': 1,
 'log_count/DEBUG': 2,
 'log_count/INFO': 7,
 'response_received_count': 2,
 'robotstxt/request_count': 1,
 'robotstxt/response_count': 1,
 'robotstxt/response_status_count/404': 1,
 'scheduler/dequeued': 1,
 'scheduler/dequeued/memory': 1,
 'scheduler/enqueued': 1,
 'scheduler/enqueued/memory': 1,
 'start_time': datetime.datetime(2021, 12, 1, 5, 9, 10, 301286)}
2021-12-01 14:09:17 [scrapy] INFO: Spider closed (finished)
