2021-12-01 13:56:39 [scrapy] DEBUG: Crawled (200) <GET https://unsplash.com/robots.txt> (referer: None)
2021-12-01 13:56:46 [scrapy] DEBUG: Crawled (200) <GET https://unsplash.com/s/photos/summber> (referer: None)
2021-12-01 13:56:46 [scrapy] ERROR: Spider error processing <GET https://unsplash.com/s/photos/summber> (referer: None)
Traceback (most recent call last):
  File "D:\g2e\document\private\web\new_env\lib\site-packages\scrapy\utils\defer.py", line 120, in iter_errback
    yield next(it)
  File "D:\g2e\document\private\web\new_env\lib\site-packages\scrapy\utils\python.py", line 353, in __next__
    return next(self.data)
  File "D:\g2e\document\private\web\new_env\lib\site-packages\scrapy\utils\python.py", line 353, in __next__
    return next(self.data)
  File "D:\g2e\document\private\web\new_env\lib\site-packages\scrapy\core\spidermw.py", line 56, in _evaluate_iterable
    for r in iterable:
  File "D:\g2e\document\private\web\new_env\lib\site-packages\scrapy\spidermiddlewares\offsite.py", line 29, in process_spider_output
    for x in result:
  File "D:\g2e\document\private\web\new_env\lib\site-packages\scrapy\core\spidermw.py", line 56, in _evaluate_iterable
    for r in iterable:
  File "D:\g2e\document\private\web\new_env\lib\site-packages\scrapy\spidermiddlewares\referer.py", line 342, in <genexpr>
    return (_set_referer(r) for r in result or ())
  File "D:\g2e\document\private\web\new_env\lib\site-packages\scrapy\core\spidermw.py", line 56, in _evaluate_iterable
    for r in iterable:
  File "D:\g2e\document\private\web\new_env\lib\site-packages\scrapy\spidermiddlewares\urllength.py", line 40, in <genexpr>
    return (r for r in result or () if _filter(r))
  File "D:\g2e\document\private\web\new_env\lib\site-packages\scrapy\core\spidermw.py", line 56, in _evaluate_iterable
    for r in iterable:
  File "D:\g2e\document\private\web\new_env\lib\site-packages\scrapy\spidermiddlewares\depth.py", line 58, in <genexpr>
    return (r for r in result or () if _filter(r))
  File "D:\g2e\document\private\web\new_env\lib\site-packages\scrapy\core\spidermw.py", line 56, in _evaluate_iterable
    for r in iterable:
  File "D:\g2e\document\private\web\new_env\pick_picture\pic_scrapy\pic_scrapy\spiders\myspider.py", line 10, in parse
    imgSrc = response.css('img.YVj9w').attrib['srcset'].get()
AttributeError: 'str' object has no attribute 'get'
2021-12-01 13:56:46 [scrapy] INFO: Closing spider (finished)
2021-12-01 13:56:46 [scrapy] INFO: Dumping Scrapy stats:
{'downloader/request_bytes': 676,
 'downloader/request_count': 2,
 'downloader/request_method_count/GET': 2,
 'downloader/response_bytes': 43512,
 'downloader/response_count': 2,
 'downloader/response_status_count/200': 2,
 'elapsed_time_seconds': 7.360653,
 'finish_reason': 'finished',
 'finish_time': datetime.datetime(2021, 12, 1, 4, 56, 46, 531463),
 'httpcompression/response_bytes': 221099,
 'httpcompression/response_count': 2,
 'log_count/DEBUG': 3,
 'log_count/ERROR': 2,
 'log_count/INFO': 10,
 'response_received_count': 2,
 'robotstxt/request_count': 1,
 'robotstxt/response_count': 1,
 'robotstxt/response_status_count/200': 1,
 'scheduler/dequeued': 1,
 'scheduler/dequeued/memory': 1,
 'scheduler/enqueued': 1,
 'scheduler/enqueued/memory': 1,
 'spider_exceptions/AttributeError': 1,
 'start_time': datetime.datetime(2021, 12, 1, 4, 56, 39, 170810)}
2021-12-01 13:56:46 [scrapy] INFO: Spider closed (finished)
